2023-04-09T11:57:46.873Z - info: Initialization success.
2023-04-09T11:58:07.987Z - info: Website generation started at 7:58:07 PM
2023-04-09T11:58:08.010Z - info: Building assets...
2023-04-09T11:58:08.015Z - info: Assets built
2023-04-09T11:58:08.015Z - info: Generating pages...
2023-04-09T11:58:08.130Z - info: Pages built
2023-04-09T11:58:08.201Z - info: Site data built
2023-04-09T11:58:08.201Z - info: Website generation complete! Total build time: 0.235s
2023-04-09T11:58:08.212Z - info: Serving "/Users/echom/Downloads/CS3281/WATcher-doc/_site" at http://127.0.0.1:8080
2023-04-09T11:58:08.212Z - info: Press CTRL+C to stop ...
2023-04-09T11:58:39.234Z - info: [7:58:39 PM] Reload for file add: /Users/echom/Downloads/CS3281/WATcher-doc/about-us.md
2023-04-09T11:58:40.242Z - info: Pages or site config modified, updating pages...
2023-04-09T11:58:41.249Z - warn: Rebuilding all pages...
2023-04-09T11:58:41.250Z - info: Generating pages...
2023-04-09T11:58:41.267Z - error:  Error: template not found: about-us.md
    at createTemplate (/Users/echom/.nvm/versions/node/v14.21.2/lib/node_modules/markbind-cli/node_modules/@markbind/core/src/patches/nunjucks/load-event.js:96:13)
    at next (/Users/echom/.nvm/versions/node/v14.21.2/lib/node_modules/markbind-cli/node_modules/nunjucks/src/lib.js:328:7)
    at handle (/Users/echom/.nvm/versions/node/v14.21.2/lib/node_modules/markbind-cli/node_modules/@markbind/core/src/patches/nunjucks/load-event.js:135:9)
    at /Users/echom/.nvm/versions/node/v14.21.2/lib/node_modules/markbind-cli/node_modules/@markbind/core/src/patches/nunjucks/load-event.js:145:7
    at next (/Users/echom/.nvm/versions/node/v14.21.2/lib/node_modules/markbind-cli/node_modules/nunjucks/src/lib.js:326:7)
    at Object.asyncIter (/Users/echom/.nvm/versions/node/v14.21.2/lib/node_modules/markbind-cli/node_modules/nunjucks/src/lib.js:332:3)
    at Environment.getTemplate (/Users/echom/.nvm/versions/node/v14.21.2/lib/node_modules/markbind-cli/node_modules/@markbind/core/src/patches/nunjucks/load-event.js:127:7)
    at Environment.render (/Users/echom/.nvm/versions/node/v14.21.2/lib/node_modules/markbind-cli/node_modules/@markbind/core/src/patches/nunjucks/context-overrides-frame.js:48:8)
    at VariableRenderer.renderFile (/Users/echom/.nvm/versions/node/v14.21.2/lib/node_modules/markbind-cli/node_modules/@markbind/core/src/variables/VariableRenderer.js:71:24)
    at VariableProcessor.renderWithSiteVariables (/Users/echom/.nvm/versions/node/v14.21.2/lib/node_modules/markbind-cli/node_modules/@markbind/core/src/variables/VariableProcessor.js:147:57)
    at Page.generate (/Users/echom/.nvm/versions/node/v14.21.2/lib/node_modules/markbind-cli/node_modules/@markbind/core/src/Page/index.js:491:37)
    at /Users/echom/.nvm/versions/node/v14.21.2/lib/node_modules/markbind-cli/node_modules/@markbind/core/src/Site/index.js:1163:22
    at /Users/echom/.nvm/versions/node/v14.21.2/lib/node_modules/markbind-cli/node_modules/@markbind/core/src/Site/index.js:1181:34
    at Array.forEach (<anonymous>)
    at /Users/echom/.nvm/versions/node/v14.21.2/lib/node_modules/markbind-cli/node_modules/@markbind/core/src/Site/index.js:1181:10
    at Promise._execute (/Users/echom/.nvm/versions/node/v14.21.2/lib/node_modules/markbind-cli/node_modules/bluebird/js/release/debuggability.js:384:9)
2023-04-09T11:58:41.283Z - warn:  Error: Error while generating /Users/echom/Downloads/CS3281/WATcher-doc/about-us.md
    at /Users/echom/.nvm/versions/node/v14.21.2/lib/node_modules/markbind-cli/node_modules/@markbind/core/src/Site/index.js:1171:18
2023-04-09T11:58:41.339Z - error: Failed to copy asset markbind-plugin-tree.css for plugin markbind-plugin-tree
Error: ENOENT: no such file or directory, mkdir '/Users/echom/Downloads/CS3281/WATcher-doc/_site/plugins/markbind-plugin-tree'
2023-04-09T11:58:41.339Z - error: Failed to copy asset markbind-plugin-tree.css for plugin markbind-plugin-tree
Error: ENOENT: no such file or directory, mkdir '/Users/echom/Downloads/CS3281/WATcher-doc/_site/plugins/markbind-plugin-tree'
2023-04-09T11:58:41.342Z - info: [7:58:41 PM] Reload for file deletion: /Users/echom/Downloads/CS3281/WATcher-doc/about-us.md
2023-04-09T11:58:42.346Z - info: Pages or site config modified, updating pages...
2023-04-09T11:58:43.351Z - debug: Assets removed
2023-04-09T11:58:43.351Z - warn: Rebuilding all pages...
2023-04-09T11:58:43.352Z - info: Generating pages...
2023-04-09T11:58:43.416Z - info: Pages built
2023-04-09T12:00:29.267Z - info: Website generation started at 8:00:29 PM
2023-04-09T12:00:29.295Z - info: Building assets...
2023-04-09T12:00:29.302Z - info: Assets built
2023-04-09T12:00:29.302Z - info: Generating pages...
2023-04-09T12:00:29.418Z - info: Pages built
2023-04-09T12:00:29.489Z - info: Site data built
2023-04-09T12:00:29.490Z - info: Website generation complete! Total build time: 0.246s
2023-04-09T12:00:29.497Z - info: Serving "/Users/echom/Downloads/CS3281/WATcher-doc/_site" at http://127.0.0.1:8080
2023-04-09T12:00:29.497Z - info: Press CTRL+C to stop ...
2023-04-09T12:02:37.234Z - info: [8:02:37 PM] Reload for file change: /Users/echom/Downloads/CS3281/WATcher-doc/README.md
2023-04-09T12:02:38.239Z - info: Rebuilding 1 pages
2023-04-09T12:02:38.292Z - warn: You might have an invalid intra-link! Ignore this warning if it was intended.
'/assets/dev-container-recommended-ext.png' found in file '/Users/echom/Downloads/CS3281/WATcher-doc/README.md'
2023-04-09T12:02:38.292Z - warn: You might have an invalid intra-link! Ignore this warning if it was intended.
'/assets/reopen-in-container.png' found in file '/Users/echom/Downloads/CS3281/WATcher-doc/README.md'
2023-04-09T12:02:38.292Z - warn: You might have an invalid intra-link! Ignore this warning if it was intended.
'/assets/open-a-remote-window.png' found in file '/Users/echom/Downloads/CS3281/WATcher-doc/README.md'
2023-04-09T12:02:38.293Z - info: Site data built
2023-04-09T12:02:38.293Z - info: Pages rebuilt
2023-04-09T12:02:38.293Z - info: Website regeneration complete! Total build time: 0.056s
2023-04-09T12:02:54.587Z - info: [8:02:54 PM] Reload for file change: /Users/echom/Downloads/CS3281/WATcher-doc/README.md
2023-04-09T12:02:55.591Z - info: Rebuilding 1 pages
2023-04-09T12:02:55.629Z - warn: You might have an invalid intra-link! Ignore this warning if it was intended.
'/assets/dev-container-recommended-ext.png' found in file '/Users/echom/Downloads/CS3281/WATcher-doc/README.md'
2023-04-09T12:02:55.629Z - warn: You might have an invalid intra-link! Ignore this warning if it was intended.
'/assets/reopen-in-container.png' found in file '/Users/echom/Downloads/CS3281/WATcher-doc/README.md'
2023-04-09T12:02:55.629Z - warn: You might have an invalid intra-link! Ignore this warning if it was intended.
'/assets/open-a-remote-window.png' found in file '/Users/echom/Downloads/CS3281/WATcher-doc/README.md'
2023-04-09T12:02:55.630Z - info: Site data built
2023-04-09T12:02:55.630Z - info: Pages rebuilt
2023-04-09T12:02:55.630Z - info: Website regeneration complete! Total build time: 0.041s
